18:49:57.481 [main] INFO  GenerateLogData$ - Log data generator started...
18:49:57.777 [main] WARN  HelperUtils.Parameters$ - Max count 100 is used to create records instead of timeouts
18:50:06.192 [scala-execution-context-global-17] WARN  HelperUtils.Parameters$ - s%]s,+2k|D}K7b/XCwG&@7HDPR8z
18:50:08.970 [scala-execution-context-global-17] INFO  HelperUtils.Parameters$ - ;kNI&V%v<c#eSDK@lPY(
18:50:14.956 [scala-execution-context-global-17] INFO  HelperUtils.Parameters$ - l9]|92!uHUQ/IVcz~(;.Uz%K*5jTUd08
18:50:18.556 [scala-execution-context-global-17] INFO  HelperUtils.Parameters$ - G3sw7^U<^q^Cl!aMTDbNz<:$;?e<.0JD_'
18:50:23.126 [scala-execution-context-global-17] WARN  HelperUtils.Parameters$ - A><YFqpg+~"E1T
18:50:26.890 [scala-execution-context-global-17] DEBUG HelperUtils.Parameters$ - JrQB;P0"&+6;&Dk-
18:50:31.802 [scala-execution-context-global-17] INFO  HelperUtils.Parameters$ - OsI1`qAeU5H;\+
18:50:38.185 [scala-execution-context-global-17] INFO  HelperUtils.Parameters$ - [h!Q9PEY>L(NpKLBO"Gjo:=4kRXQ_tZ!
18:50:41.358 [scala-execution-context-global-17] INFO  HelperUtils.Parameters$ - B?y&C"C5rsb:2037;f&|vM#x?z|Ny|&<44Z8B&rF1#&M
18:50:45.660 [scala-execution-context-global-17] WARN  HelperUtils.Parameters$ - x2oBSI0/\%CdfV2%ChSsnZ7vJo=2qJqZ%."kbc!0ne`y&m
18:50:50.932 [scala-execution-context-global-17] ERROR HelperUtils.Parameters$ - ihu}!A2]*07}|,lc
18:50:59.052 [scala-execution-context-global-17] INFO  HelperUtils.Parameters$ - CC]>~R#,^#0JWyESarZdETDcvk)Yk'I?
18:51:00.984 [scala-execution-context-global-17] WARN  HelperUtils.Parameters$ - Swq;g+6M:?820=Gmd#.p)sFaqoKc^mm](.A8Z-4-].tp|cfR\~rc(m^{
18:51:09.148 [scala-execution-context-global-17] INFO  HelperUtils.Parameters$ - zXK=Fze%-6Iv-^q{zhG|EUzvd);tOj-:
18:51:16.098 [scala-execution-context-global-17] INFO  HelperUtils.Parameters$ - ^<A>61@{3[KEk@M/Xh-q%sco3Dkwq~
18:51:21.041 [scala-execution-context-global-17] WARN  HelperUtils.Parameters$ - Bv^B8Re'$VG)[P".g*?f<G\l5n.18B|i<E&rgPQZ;wBeA{4O/fy+Pp
18:51:25.364 [scala-execution-context-global-17] WARN  HelperUtils.Parameters$ - k1H+R#/%d0>Q>N:6\enT]U
18:51:28.506 [scala-execution-context-global-17] INFO  HelperUtils.Parameters$ - 8G;,3m_T`G#H]&Yh:Ei1%fp''5`cf1Y9vU7uG8qP5rbf3cf0M6n%<Bqz8fMm#{JWqMdoc_2N/|wf8]
18:51:33.891 [scala-execution-context-global-17] DEBUG HelperUtils.Parameters$ - et~uYoi"xp_C"w+dP?u1xiE1[#$YqsDs"=21K0
18:51:39.825 [scala-execution-context-global-17] WARN  HelperUtils.Parameters$ - vF!-w?p@?X5k*(i}eR5w.,))}QYZK:kz
18:51:49.754 [scala-execution-context-global-17] INFO  HelperUtils.Parameters$ - 2!n47Gwh#}COb?rP*xXY*C#5y89_Oj$%?J.ruj3~mi:'2Ts{1_8uU7qVa(
18:51:52.514 [scala-execution-context-global-17] DEBUG HelperUtils.Parameters$ - D=6T\]pFoM3[oPag2U6tbf2ag2ae0S8u'm,ql[.Q^Ep-'R
18:52:17.015 [main] INFO  GenerateLogData$ - Log data generator started...
18:52:17.217 [main] WARN  HelperUtils.Parameters$ - Max count 100 is used to create records instead of timeouts
18:52:17.270 [scala-execution-context-global-17] WARN  HelperUtils.Parameters$ - s%]s,+2k|D}K7b/XCwG&@7HDPR8z
18:52:17.283 [scala-execution-context-global-17] INFO  HelperUtils.Parameters$ - ;kNI&V%v<c#eSDK@lPY(
18:52:17.295 [scala-execution-context-global-17] INFO  HelperUtils.Parameters$ - l9]|92!uHUQ/IVcz~(;.Uz%K*5jTUd08
18:52:17.305 [scala-execution-context-global-17] INFO  HelperUtils.Parameters$ - G3sw7^U<^q^Cl!aMTDbNz<:$;?e<.0JD_'
18:52:17.318 [scala-execution-context-global-17] WARN  HelperUtils.Parameters$ - A><YFqpg+~"E1T
18:52:17.329 [scala-execution-context-global-17] DEBUG HelperUtils.Parameters$ - JrQB;P0"&+6;&Dk-
18:52:17.340 [scala-execution-context-global-17] INFO  HelperUtils.Parameters$ - OsI1`qAeU5H;\+
18:52:17.350 [scala-execution-context-global-17] INFO  HelperUtils.Parameters$ - [h!Q9PEY>L(NpKLBO"Gjo:=4kRXQ_tZ!
18:52:17.363 [scala-execution-context-global-17] INFO  HelperUtils.Parameters$ - B?y&C"C5rsb:2037;f&|vM#x?z|Ny|&<44Z8B&rF1#&M
18:52:17.377 [scala-execution-context-global-17] WARN  HelperUtils.Parameters$ - x2oBSI0/\%CdfV2%ChSsnZ7vJo=2qJqZ%."kbc!0ne`y&m
18:52:17.393 [scala-execution-context-global-17] ERROR HelperUtils.Parameters$ - ihu}!A2]*07}|,lc
18:52:17.399 [scala-execution-context-global-17] INFO  HelperUtils.Parameters$ - CC]>~R#,^#0JWyESarZdETDcvk)Yk'I?
18:52:17.414 [scala-execution-context-global-17] WARN  HelperUtils.Parameters$ - Swq;g+6M:?820=Gmd#.p)sFaqoKc^mm](.A8Z-4-].tp|cfR\~rc(m^{
18:52:17.428 [scala-execution-context-global-17] INFO  HelperUtils.Parameters$ - zXK=Fze%-6Iv-^q{zhG|EUzvd);tOj-:
18:52:17.442 [scala-execution-context-global-17] INFO  HelperUtils.Parameters$ - ^<A>61@{3[KEk@M/Xh-q%sco3Dkwq~
18:52:17.454 [scala-execution-context-global-17] WARN  HelperUtils.Parameters$ - Bv^B8Re'$VG)[P".g*?f<G\l5n.18B|i<E&rgPQZ;wBeA{4O/fy+Pp
18:52:17.467 [scala-execution-context-global-17] WARN  HelperUtils.Parameters$ - k1H+R#/%d0>Q>N:6\enT]U
18:52:17.476 [scala-execution-context-global-17] INFO  HelperUtils.Parameters$ - 8G;,3m_T`G#H]&Yh:Ei1%fp''5`N7ibe2L8vaf3cg2%<Bqz8fMm#{JWqMdoc_2N/|wf8]
18:52:17.491 [scala-execution-context-global-17] DEBUG HelperUtils.Parameters$ - ZJF$KiNwEhIp@J,VP%
18:52:17.504 [scala-execution-context-global-17] WARN  HelperUtils.Parameters$ - TY[Mklk4u>$dBT]n7&4:7A7bXV6h_>~=Z*M^IF#bw,76aN
18:52:17.512 [scala-execution-context-global-17] INFO  HelperUtils.Parameters$ - gp"sFL%7F%Gy(Zvc
18:52:17.525 [scala-execution-context-global-17] DEBUG HelperUtils.Parameters$ - xj,jAv5~vM}h1rq?2T-moc8:e9J9fJ7rN7kbf2af3~lH+ObIA@&Bq}="_N[l}WJ*!tr
18:52:17.538 [scala-execution-context-global-17] INFO  HelperUtils.Parameters$ - 2?p1tF|YdztJqbOt]xOk"Bj[\u\2AuRW:^[M"LG2i3Fn(&I=%BQkk}fj
18:52:17.552 [scala-execution-context-global-17] INFO  HelperUtils.Parameters$ - tB!Z^cy]~Wr"WQaL?{X=^qs+}4w_nrHK\n%Q10Sl&}
18:52:17.564 [scala-execution-context-global-17] INFO  HelperUtils.Parameters$ - 5?5Joel<Sn=(ZM8P&1BRMc0Xg!
18:52:17.577 [scala-execution-context-global-17] INFO  HelperUtils.Parameters$ - h3wK}_~ioK!^xO^a4CG)V6fe=}xN^*"yh|:%"Z3z|CQ&7R,T*}
18:52:17.588 [scala-execution-context-global-17] WARN  HelperUtils.Parameters$ - X)u@'<IN]q3yfULkW{9Yiz*~kN|#b<V>_\$%bNouE;S6A$
18:52:17.599 [scala-execution-context-global-17] INFO  HelperUtils.Parameters$ - Pl=oCDo54t./)u.`\nD9"jyQ1=75p*mhHy10
18:52:17.609 [scala-execution-context-global-17] INFO  HelperUtils.Parameters$ - W7xg}d}Z5|wDxW.UT2ge;w}p)I2G0Kzk[9LZ"\NOr'
18:52:17.618 [scala-execution-context-global-17] WARN  HelperUtils.Parameters$ - e?M|PWb6dltJMCJ_Md#8=jKhT:iJ,<vT=w/-(N
18:52:17.629 [scala-execution-context-global-17] ERROR HelperUtils.Parameters$ - ;]$79uCFyoLrK8.d\AIlGNe)xWg();^OP0
18:52:17.645 [scala-execution-context-global-17] WARN  HelperUtils.Parameters$ - !bV7(<%Ge3K,iH(\8mZi9>q:m@tD!Z
18:52:17.655 [scala-execution-context-global-17] WARN  HelperUtils.Parameters$ - lucM00k+:9|]yyA!o&&R'*%1tqzC^iLzLGQ-S)<GqG`WE|9F^G\)|@*cRfZ#
18:52:17.664 [scala-execution-context-global-17] INFO  HelperUtils.Parameters$ - d[!JmM9ie$s'I*(PvwsSN*Vd"'tety6yK]JV);KbdgAf
18:52:17.673 [scala-execution-context-global-17] INFO  HelperUtils.Parameters$ - .q:Oihi+)Sj<'qAkt-G7LBu\qe>@g(Ko'.C\4`(O+/
18:52:17.687 [scala-execution-context-global-17] INFO  HelperUtils.Parameters$ - .;ka9oag3af0cf2Z5pae3cg2ce09!KQMj
18:52:17.701 [scala-execution-context-global-17] WARN  HelperUtils.Parameters$ - D@L8U0yk#T_wK/gVF[[,ZMxUMZcp4$ZmW9"L0MttrR\q
18:52:17.713 [scala-execution-context-global-17] WARN  HelperUtils.Parameters$ - uC4zrT:5};~f^H$t'@hN5Mn[Fn?h]ywi/$ZF
18:52:17.724 [scala-execution-context-global-17] DEBUG HelperUtils.Parameters$ - {Hz-9cPASz:5_CjNDG}PAb+}t9dJpO=FcIn^N*!b$<a'1Eh7^w}u=`!#k`j7
18:52:17.738 [scala-execution-context-global-17] INFO  HelperUtils.Parameters$ - =ibnc(>MbThHF{Q!G[
18:52:17.748 [scala-execution-context-global-17] WARN  HelperUtils.Parameters$ - $}I,'6c:B7Y$-(E&o%{'q}C*XT
18:52:17.759 [scala-execution-context-global-17] INFO  HelperUtils.Parameters$ - T4{"k{sfK7scg3bg2Z5nag3^b|_o9.!
18:52:17.774 [scala-execution-context-global-17] INFO  HelperUtils.Parameters$ - ZCBB(\.5zzpGvvYD/>iydE)`qwXix2=^S#CZ%u5{Hts33X8q@tb0H{JH
18:52:17.788 [scala-execution-context-global-17] INFO  HelperUtils.Parameters$ - qhySBUF)wT"4kl#NLTAjyKqXn+cW
18:52:17.797 [scala-execution-context-global-17] DEBUG HelperUtils.Parameters$ - @<5y-.PkI/<mb"j.P8
18:52:17.809 [scala-execution-context-global-17] WARN  HelperUtils.Parameters$ - sY!+[.+#8VSSyS/T&P)L
18:52:17.819 [scala-execution-context-global-17] INFO  HelperUtils.Parameters$ - "Cj2[pTAr}oO0MTBRGTXQ2Y7lZ5oaf1bf2bf0bg2y`bULB66y`Q{!k'@<Wo/+l
18:52:17.827 [scala-execution-context-global-17] INFO  HelperUtils.Parameters$ - )0Qs]{9\]K$U1nZnt>u1AU&&o'
18:52:17.840 [scala-execution-context-global-17] INFO  HelperUtils.Parameters$ - !5fWe'LAz^10#B[ybvBl#N"I@2\'HY
18:52:17.851 [scala-execution-context-global-17] INFO  HelperUtils.Parameters$ - M$Kx5HB1|[2lbdd}:>o/I<`@7?h)mWLKHS'p
18:52:17.860 [scala-execution-context-global-17] INFO  HelperUtils.Parameters$ - c"8QBc$+I\!]~sO*s)la)Z
18:52:17.872 [scala-execution-context-global-17] INFO  HelperUtils.Parameters$ - a`?:-zCwmP]I>T)`n*LzBvf[O93vCxdQ
18:52:17.881 [scala-execution-context-global-17] INFO  HelperUtils.Parameters$ - BqL76&>cNbOW-[udj@L5
18:52:17.893 [scala-execution-context-global-17] INFO  HelperUtils.Parameters$ - A4b0;txHpHbbg3ce1J8kP7vX5scL/?8&ym1Gg
18:52:17.905 [scala-execution-context-global-17] WARN  HelperUtils.Parameters$ - ^<}'<2GSh?^fizI})jN<Bve63/"ae0cf2Y6jU5gO8pcf2E7~hgNz\,k);`qdko+1uA0NNYI,
18:52:17.917 [scala-execution-context-global-17] WARN  HelperUtils.Parameters$ - V23}v+S;X;6|eHg"S$|js#d6k0lG"0L">E'K"MTgj0
18:52:17.927 [scala-execution-context-global-17] INFO  HelperUtils.Parameters$ - bCS!<sYB^-9~!|1#W[6~{bP@OF\8qae0S6pR6sE6iV9rag1X7m}W"aXeV?OwZ7T4"==3Y5M3~3Bx)E=
18:52:17.940 [scala-execution-context-global-17] INFO  HelperUtils.Parameters$ - Ymkkk+(bcHx)/xqAmT>-NH
18:52:17.949 [scala-execution-context-global-17] WARN  HelperUtils.Parameters$ - CsTjh?S(q=8tf!/Z-Bn<be0bf3U5qae3J6fce2be1U5hae0_wxW1tnM^`TU[GnI73uY
18:52:17.960 [scala-execution-context-global-17] WARN  HelperUtils.Parameters$ - >SX4LN*K]kt~|.M'6=e%GGty$oltn{xg1d|j
18:52:17.968 [scala-execution-context-global-17] INFO  HelperUtils.Parameters$ - [+e%Nec^T0MQShzip\Huu+QZsdrU;uEJD*
18:52:17.978 [scala-execution-context-global-17] INFO  HelperUtils.Parameters$ - ;(uWE%U|87bww$`6?10m02[>d~!`hA+lfm%k[+gmyp0fs4
18:52:17.995 [scala-execution-context-global-17] INFO  HelperUtils.Parameters$ - 5ZeJS\#{Ei#/A0g-~RgIJ8oE{h%[L}xK8%!*K!cGJ&o9Xx~?AsV~}J^a:iGS
18:52:18.005 [scala-execution-context-global-17] DEBUG HelperUtils.Parameters$ - VDy]DrvYLC&N%O/goruf6>+HZxa~B<T>
18:52:18.017 [scala-execution-context-global-17] INFO  HelperUtils.Parameters$ - 0\tm(S\`bgUYc3Y;EvA>$:j\{x
18:52:18.028 [scala-execution-context-global-17] INFO  HelperUtils.Parameters$ - ~Lk4_H3NEbjHjjwp<2=~N3d{/+6_'*coj[u$8q@sW+\/=O?*
18:52:18.036 [scala-execution-context-global-17] INFO  HelperUtils.Parameters$ - K`f%T$K~oBC)2==5f7m7?1NfbnH&fU
18:52:18.046 [scala-execution-context-global-17] INFO  HelperUtils.Parameters$ - 6<jy~@2)hD27H}SRgg|?d&@iDp^R{y?P1A]>.w_a?]no.D
18:52:18.056 [scala-execution-context-global-17] INFO  HelperUtils.Parameters$ - 34C}t9n??9'.X|>x
18:52:18.064 [scala-execution-context-global-17] INFO  HelperUtils.Parameters$ - .@8Yd0%36Ld@l[R[
18:52:18.072 [scala-execution-context-global-17] WARN  HelperUtils.Parameters$ - YQ&xQ>zH~kG.xrO6mae1af2ag2D8u7t-vC=n'X2*jf(
18:52:18.083 [scala-execution-context-global-17] INFO  HelperUtils.Parameters$ - L4Q{Vu_]_Flf[|L2E"
18:52:18.093 [scala-execution-context-global-17] WARN  HelperUtils.Parameters$ - g]wwA`\hPIo,^4:pL<xHek8F9y@-;sU6+^J>4ucE
18:52:18.102 [scala-execution-context-global-17] INFO  HelperUtils.Parameters$ - Ujx{V+"TLq;NBBox21vAzO>W73&/B83k;p
18:52:18.113 [scala-execution-context-global-17] INFO  HelperUtils.Parameters$ - X}e;3Zh=*6D:E`+/-3L1zp"fR>9A
18:52:18.122 [scala-execution-context-global-17] INFO  HelperUtils.Parameters$ - stW3mlDsDRxb&},8!~
18:52:18.131 [scala-execution-context-global-17] INFO  HelperUtils.Parameters$ - s?9tqIDnz$o{&iu~iZ<wu"N_e_3ZR<eQf%G/fK
18:52:18.139 [scala-execution-context-global-17] WARN  HelperUtils.Parameters$ - :re83wm?*AkyXQYmym=%rDM{^zpB$ww+Cz)8Xc`~YrJ=>l,2tA&&G{OJR>sw
18:52:18.148 [scala-execution-context-global-17] INFO  HelperUtils.Parameters$ - b4"8BGoipFPo!QTcJ&frZs)Q7&8J)*E7wFLt(Gh@Jh>JH{0XDS&),S
18:52:18.156 [scala-execution-context-global-17] INFO  HelperUtils.Parameters$ - }UwdpP^Vdi:|/R>9}!nar{/`kVZ|apZw[n
18:52:18.165 [scala-execution-context-global-17] INFO  HelperUtils.Parameters$ - @AQoN|sqc=CFhqG5[zzmpAtyE,q*2"mb3{e#KR]?I|t"Rs
18:52:18.174 [scala-execution-context-global-17] INFO  HelperUtils.Parameters$ - A6'/4)/d`I:Vze$YQu}qhQkC
18:52:18.184 [scala-execution-context-global-17] WARN  HelperUtils.Parameters$ - 4{T4.wSHbD3s@eB?,yO0R|R2}\Esq0Kw{eG=k9X%UQ!Dr)>X27%S
18:52:18.195 [scala-execution-context-global-17] INFO  HelperUtils.Parameters$ - N:aS}[;rZdOcyXU#4o:U}S9iag0ag3G6rae3L1x*LkQ..n~p44Jd!d0WA
18:52:18.204 [scala-execution-context-global-17] WARN  HelperUtils.Parameters$ - #'StmL_!V=t~/q_c[\I)Kg
18:52:18.213 [scala-execution-context-global-17] WARN  HelperUtils.Parameters$ - L9WM9'+a\~2*
18:52:18.222 [scala-execution-context-global-17] INFO  HelperUtils.Parameters$ - ]tyFu9U33U@<V<)vY6=_do_*tKluFK%'c)p<c}
18:52:18.232 [scala-execution-context-global-17] INFO  HelperUtils.Parameters$ - /d4+m>'P^R=fOlr\zlL>.d1ni]5Te/YxT.<^|JHwC(
18:52:18.240 [scala-execution-context-global-17] INFO  HelperUtils.Parameters$ - !;'9paZXEh1jRD`A%B
18:52:18.250 [scala-execution-context-global-17] INFO  HelperUtils.Parameters$ - xTp[M:19i|-Z(m*+s^`{$l;r
18:52:18.261 [scala-execution-context-global-17] INFO  HelperUtils.Parameters$ - 9T2WfpkPJ)"&DC@/pbZ48@+E4jaC>Et^
18:52:18.268 [scala-execution-context-global-17] INFO  HelperUtils.Parameters$ - p}no`q+mBuF={Iw*AfEmZc
18:52:18.277 [scala-execution-context-global-17] INFO  HelperUtils.Parameters$ - +dTo[GY\sCF$@CtEkX%W3r
18:52:18.286 [scala-execution-context-global-17] INFO  HelperUtils.Parameters$ - {Z*D:Or?ZT2`[rC#A!]G9cMmY}W=~Tl^R6Es7sL[X>/^TF*V"z
18:52:18.295 [scala-execution-context-global-17] WARN  HelperUtils.Parameters$ - i,nz#1*NK'+{mvDB\&*;&n5H=C{9hoN.'eROYS331Z
18:52:18.306 [scala-execution-context-global-17] WARN  HelperUtils.Parameters$ - [b*K^y*b9@(he6v"Ga$|/O,r,)T'Y},[}/Xz8X'B>3oei8#8y}@8nT
18:52:18.314 [scala-execution-context-global-17] INFO  HelperUtils.Parameters$ - <rvmea$/oxww!vnd>a[:git5=U8qag1cf2be2C5rR5rce0ag2B5jhc`Ai6t#uZW8(TLA`IA{Eyed6
18:52:18.325 [scala-execution-context-global-17] INFO  HelperUtils.Parameters$ - "Q}JHg'nlPK-kJ*u
18:52:18.333 [scala-execution-context-global-17] DEBUG HelperUtils.Parameters$ - <4#LZO7<!s-dqEYzv-
18:52:18.345 [scala-execution-context-global-17] INFO  HelperUtils.Parameters$ - 7+V6MTy`SH&MV#opd.'r&*<%
18:52:18.345 [main] INFO  GenerateLogData$ - Log data generation has completed after generating 100 records.
23:23:38.707 [main] INFO  GenerateLogData$ - Log data generator started...
23:23:38.957 [main] WARN  HelperUtils.Parameters$ - Max count 100 is used to create records instead of timeouts
23:23:45.013 [scala-execution-context-global-17] WARN  HelperUtils.Parameters$ - s%]s,+2k|D}K7b/XCwG&@7HDPR8z
23:23:53.918 [scala-execution-context-global-17] INFO  HelperUtils.Parameters$ - ;kNI&V%v<c#eSDK@lPY(
23:23:59.778 [scala-execution-context-global-17] INFO  HelperUtils.Parameters$ - l9]|92!uHUQ/IVcz~(;.Uz%K*5jTUd08
23:24:08.288 [scala-execution-context-global-17] INFO  HelperUtils.Parameters$ - G3sw7^U<^q^Cl!aMTDbNz<:$;?e<.0JD_'
23:24:11.831 [scala-execution-context-global-17] WARN  HelperUtils.Parameters$ - A><YFqpg+~"E1T
23:24:18.247 [scala-execution-context-global-17] DEBUG HelperUtils.Parameters$ - JrQB;P0"&+6;&Dk-
23:24:25.643 [scala-execution-context-global-17] INFO  HelperUtils.Parameters$ - OsI1`qAeU5H;\+
23:24:28.943 [scala-execution-context-global-17] INFO  HelperUtils.Parameters$ - [h!Q9PEY>L(NpKLBO"Gjo:=4kRXQ_tZ!
23:24:36.551 [scala-execution-context-global-17] INFO  HelperUtils.Parameters$ - B?y&C"C5rsb:2037;f&|vM#x?z|Ny|&<44Z8B&rF1#&M
23:24:46.222 [scala-execution-context-global-17] WARN  HelperUtils.Parameters$ - x2oBSI0/\%CdfV2%ChSsnZ7vJo=2qJqZ%."kbc!0ne`y&m
23:24:54.912 [scala-execution-context-global-17] ERROR HelperUtils.Parameters$ - ihu}!A2]*07}|,lc
23:25:02.610 [scala-execution-context-global-17] INFO  HelperUtils.Parameters$ - CC]>~R#,^#0JWyESarZdETDcvk)Yk'I?
23:25:04.817 [scala-execution-context-global-17] WARN  HelperUtils.Parameters$ - Swq;g+6M:?820=Gmd#.p)sFaqoKc^mm](.A8Z-4-].tp|cfR\~rc(m^{
23:25:12.785 [scala-execution-context-global-17] INFO  HelperUtils.Parameters$ - zXK=Fze%-6Iv-^q{zhG|EUzvd);tOj-:
23:25:16.361 [scala-execution-context-global-17] INFO  HelperUtils.Parameters$ - ^<A>61@{3[KEk@M/Xh-q%sco3Dkwq~
23:25:21.747 [scala-execution-context-global-17] WARN  HelperUtils.Parameters$ - Bv^B8Re'$VG)[P".g*?f<G\l5n.18B|i<E&rgPQZ;wBeA{4O/fy+Pp
23:25:23.931 [scala-execution-context-global-17] WARN  HelperUtils.Parameters$ - k1H+R#/%d0>Q>N:6\enT]U
18:49:57.481 [main] INFO  GenerateLogData$ - Log data generator started...
18:49:57.777 [main] WARN  HelperUtils.Parameters$ - Max count 100 is used to create records instead of timeouts
18:50:06.192 [scala-execution-context-global-17] WARN  HelperUtils.Parameters$ - s%]s,+2k|D}K7b/XCwG&@7HDPR8z
18:50:08.970 [scala-execution-context-global-17] INFO  HelperUtils.Parameters$ - ;kNI&V%v<c#eSDK@lPY(
18:50:14.956 [scala-execution-context-global-17] INFO  HelperUtils.Parameters$ - l9]|92!uHUQ/IVcz~(;.Uz%K*5jTUd08
18:50:18.556 [scala-execution-context-global-17] INFO  HelperUtils.Parameters$ - G3sw7^U<^q^Cl!aMTDbNz<:$;?e<.0JD_'
18:50:23.126 [scala-execution-context-global-17] WARN  HelperUtils.Parameters$ - A><YFqpg+~"E1T
18:50:26.890 [scala-execution-context-global-17] DEBUG HelperUtils.Parameters$ - JrQB;P0"&+6;&Dk-
18:50:31.802 [scala-execution-context-global-17] INFO  HelperUtils.Parameters$ - OsI1`qAeU5H;\+
18:50:38.185 [scala-execution-context-global-17] INFO  HelperUtils.Parameters$ - [h!Q9PEY>L(NpKLBO"Gjo:=4kRXQ_tZ!
18:50:41.358 [scala-execution-context-global-17] INFO  HelperUtils.Parameters$ - B?y&C"C5rsb:2037;f&|vM#x?z|Ny|&<44Z8B&rF1#&M
18:50:45.660 [scala-execution-context-global-17] WARN  HelperUtils.Parameters$ - x2oBSI0/\%CdfV2%ChSsnZ7vJo=2qJqZ%."kbc!0ne`y&m
18:50:50.932 [scala-execution-context-global-17] ERROR HelperUtils.Parameters$ - ihu}!A2]*07}|,lc
18:50:59.052 [scala-execution-context-global-17] INFO  HelperUtils.Parameters$ - CC]>~R#,^#0JWyESarZdETDcvk)Yk'I?
18:51:00.984 [scala-execution-context-global-17] WARN  HelperUtils.Parameters$ - Swq;g+6M:?820=Gmd#.p)sFaqoKc^mm](.A8Z-4-].tp|cfR\~rc(m^{
18:51:09.148 [scala-execution-context-global-17] INFO  HelperUtils.Parameters$ - zXK=Fze%-6Iv-^q{zhG|EUzvd);tOj-:
18:51:16.098 [scala-execution-context-global-17] INFO  HelperUtils.Parameters$ - ^<A>61@{3[KEk@M/Xh-q%sco3Dkwq~
18:51:21.041 [scala-execution-context-global-17] WARN  HelperUtils.Parameters$ - Bv^B8Re'$VG)[P".g*?f<G\l5n.18B|i<E&rgPQZ;wBeA{4O/fy+Pp
18:51:25.364 [scala-execution-context-global-17] WARN  HelperUtils.Parameters$ - k1H+R#/%d0>Q>N:6\enT]U
18:51:28.506 [scala-execution-context-global-17] INFO  HelperUtils.Parameters$ - 8G;,3m_T`G#H]&Yh:Ei1%fp''5`cf1Y9vU7uG8qP5rbf3cf0M6n%<Bqz8fMm#{JWqMdoc_2N/|wf8]
18:51:33.891 [scala-execution-context-global-17] DEBUG HelperUtils.Parameters$ - et~uYoi"xp_C"w+dP?u1xiE1[#$YqsDs"=21K0
18:51:39.825 [scala-execution-context-global-17] WARN  HelperUtils.Parameters$ - vF!-w?p@?X5k*(i}eR5w.,))}QYZK:kz
18:51:49.754 [scala-execution-context-global-17] INFO  HelperUtils.Parameters$ - 2!n47Gwh#}COb?rP*xXY*C#5y89_Oj$%?J.ruj3~mi:'2Ts{1_8uU7qVa(
18:51:52.514 [scala-execution-context-global-17] DEBUG HelperUtils.Parameters$ - D=6T\]pFoM3[oPag2U6tbf2ag2ae0S8u'm,ql[.Q^Ep-'R
18:52:17.015 [main] INFO  GenerateLogData$ - Log data generator started...
18:52:17.217 [main] WARN  HelperUtils.Parameters$ - Max count 100 is used to create records instead of timeouts
18:52:17.270 [scala-execution-context-global-17] WARN  HelperUtils.Parameters$ - s%]s,+2k|D}K7b/XCwG&@7HDPR8z
18:52:17.283 [scala-execution-context-global-17] INFO  HelperUtils.Parameters$ - ;kNI&V%v<c#eSDK@lPY(
18:52:17.295 [scala-execution-context-global-17] INFO  HelperUtils.Parameters$ - l9]|92!uHUQ/IVcz~(;.Uz%K*5jTUd08
18:52:17.305 [scala-execution-context-global-17] INFO  HelperUtils.Parameters$ - G3sw7^U<^q^Cl!aMTDbNz<:$;?e<.0JD_'
18:52:17.318 [scala-execution-context-global-17] WARN  HelperUtils.Parameters$ - A><YFqpg+~"E1T
18:52:17.329 [scala-execution-context-global-17] DEBUG HelperUtils.Parameters$ - JrQB;P0"&+6;&Dk-
18:52:17.340 [scala-execution-context-global-17] INFO  HelperUtils.Parameters$ - OsI1`qAeU5H;\+
18:52:17.350 [scala-execution-context-global-17] INFO  HelperUtils.Parameters$ - [h!Q9PEY>L(NpKLBO"Gjo:=4kRXQ_tZ!
18:52:17.363 [scala-execution-context-global-17] INFO  HelperUtils.Parameters$ - B?y&C"C5rsb:2037;f&|vM#x?z|Ny|&<44Z8B&rF1#&M
18:52:17.377 [scala-execution-context-global-17] WARN  HelperUtils.Parameters$ - x2oBSI0/\%CdfV2%ChSsnZ7vJo=2qJqZ%."kbc!0ne`y&m
18:52:17.393 [scala-execution-context-global-17] ERROR HelperUtils.Parameters$ - ihu}!A2]*07}|,lc
18:52:17.399 [scala-execution-context-global-17] INFO  HelperUtils.Parameters$ - CC]>~R#,^#0JWyESarZdETDcvk)Yk'I?
18:52:17.414 [scala-execution-context-global-17] WARN  HelperUtils.Parameters$ - Swq;g+6M:?820=Gmd#.p)sFaqoKc^mm](.A8Z-4-].tp|cfR\~rc(m^{
18:52:17.428 [scala-execution-context-global-17] INFO  HelperUtils.Parameters$ - zXK=Fze%-6Iv-^q{zhG|EUzvd);tOj-:
18:52:17.442 [scala-execution-context-global-17] INFO  HelperUtils.Parameters$ - ^<A>61@{3[KEk@M/Xh-q%sco3Dkwq~
18:52:17.454 [scala-execution-context-global-17] WARN  HelperUtils.Parameters$ - Bv^B8Re'$VG)[P".g*?f<G\l5n.18B|i<E&rgPQZ;wBeA{4O/fy+Pp
18:52:17.467 [scala-execution-context-global-17] WARN  HelperUtils.Parameters$ - k1H+R#/%d0>Q>N:6\enT]U
18:52:17.476 [scala-execution-context-global-17] INFO  HelperUtils.Parameters$ - 8G;,3m_T`G#H]&Yh:Ei1%fp''5`N7ibe2L8vaf3cg2%<Bqz8fMm#{JWqMdoc_2N/|wf8]
18:52:17.491 [scala-execution-context-global-17] DEBUG HelperUtils.Parameters$ - ZJF$KiNwEhIp@J,VP%
18:52:17.504 [scala-execution-context-global-17] WARN  HelperUtils.Parameters$ - TY[Mklk4u>$dBT]n7&4:7A7bXV6h_>~=Z*M^IF#bw,76aN
18:52:17.512 [scala-execution-context-global-17] INFO  HelperUtils.Parameters$ - gp"sFL%7F%Gy(Zvc
18:52:17.525 [scala-execution-context-global-17] DEBUG HelperUtils.Parameters$ - xj,jAv5~vM}h1rq?2T-moc8:e9J9fJ7rN7kbf2af3~lH+ObIA@&Bq}="_N[l}WJ*!tr
18:52:17.538 [scala-execution-context-global-17] INFO  HelperUtils.Parameters$ - 2?p1tF|YdztJqbOt]xOk"Bj[\u\2AuRW:^[M"LG2i3Fn(&I=%BQkk}fj
18:52:17.552 [scala-execution-context-global-17] INFO  HelperUtils.Parameters$ - tB!Z^cy]~Wr"WQaL?{X=^qs+}4w_nrHK\n%Q10Sl&}
18:52:17.564 [scala-execution-context-global-17] INFO  HelperUtils.Parameters$ - 5?5Joel<Sn=(ZM8P&1BRMc0Xg!
18:52:17.577 [scala-execution-context-global-17] INFO  HelperUtils.Parameters$ - h3wK}_~ioK!^xO^a4CG)V6fe=}xN^*"yh|:%"Z3z|CQ&7R,T*}
18:52:17.588 [scala-execution-context-global-17] WARN  HelperUtils.Parameters$ - X)u@'<IN]q3yfULkW{9Yiz*~kN|#b<V>_\$%bNouE;S6A$
18:52:17.599 [scala-execution-context-global-17] INFO  HelperUtils.Parameters$ - Pl=oCDo54t./)u.`\nD9"jyQ1=75p*mhHy10
18:52:17.609 [scala-execution-context-global-17] INFO  HelperUtils.Parameters$ - W7xg}d}Z5|wDxW.UT2ge;w}p)I2G0Kzk[9LZ"\NOr'
18:52:17.618 [scala-execution-context-global-17] WARN  HelperUtils.Parameters$ - e?M|PWb6dltJMCJ_Md#8=jKhT:iJ,<vT=w/-(N
18:52:17.629 [scala-execution-context-global-17] ERROR HelperUtils.Parameters$ - ;]$79uCFyoLrK8.d\AIlGNe)xWg();^OP0
18:52:17.645 [scala-execution-context-global-17] WARN  HelperUtils.Parameters$ - !bV7(<%Ge3K,iH(\8mZi9>q:m@tD!Z
18:52:17.655 [scala-execution-context-global-17] WARN  HelperUtils.Parameters$ - lucM00k+:9|]yyA!o&&R'*%1tqzC^iLzLGQ-S)<GqG`WE|9F^G\)|@*cRfZ#
18:52:17.664 [scala-execution-context-global-17] INFO  HelperUtils.Parameters$ - d[!JmM9ie$s'I*(PvwsSN*Vd"'tety6yK]JV);KbdgAf
18:52:17.673 [scala-execution-context-global-17] INFO  HelperUtils.Parameters$ - .q:Oihi+)Sj<'qAkt-G7LBu\qe>@g(Ko'.C\4`(O+/
18:52:17.687 [scala-execution-context-global-17] INFO  HelperUtils.Parameters$ - .;ka9oag3af0cf2Z5pae3cg2ce09!KQMj
18:52:17.701 [scala-execution-context-global-17] WARN  HelperUtils.Parameters$ - D@L8U0yk#T_wK/gVF[[,ZMxUMZcp4$ZmW9"L0MttrR\q
18:52:17.713 [scala-execution-context-global-17] WARN  HelperUtils.Parameters$ - uC4zrT:5};~f^H$t'@hN5Mn[Fn?h]ywi/$ZF
18:52:17.724 [scala-execution-context-global-17] DEBUG HelperUtils.Parameters$ - {Hz-9cPASz:5_CjNDG}PAb+}t9dJpO=FcIn^N*!b$<a'1Eh7^w}u=`!#k`j7
18:52:17.738 [scala-execution-context-global-17] INFO  HelperUtils.Parameters$ - =ibnc(>MbThHF{Q!G[
18:52:17.748 [scala-execution-context-global-17] WARN  HelperUtils.Parameters$ - $}I,'6c:B7Y$-(E&o%{'q}C*XT
18:52:17.759 [scala-execution-context-global-17] INFO  HelperUtils.Parameters$ - T4{"k{sfK7scg3bg2Z5nag3^b|_o9.!
18:52:17.774 [scala-execution-context-global-17] INFO  HelperUtils.Parameters$ - ZCBB(\.5zzpGvvYD/>iydE)`qwXix2=^S#CZ%u5{Hts33X8q@tb0H{JH
18:52:17.788 [scala-execution-context-global-17] INFO  HelperUtils.Parameters$ - qhySBUF)wT"4kl#NLTAjyKqXn+cW
18:52:17.797 [scala-execution-context-global-17] DEBUG HelperUtils.Parameters$ - @<5y-.PkI/<mb"j.P8
18:52:17.809 [scala-execution-context-global-17] WARN  HelperUtils.Parameters$ - sY!+[.+#8VSSyS/T&P)L
18:52:17.819 [scala-execution-context-global-17] INFO  HelperUtils.Parameters$ - "Cj2[pTAr}oO0MTBRGTXQ2Y7lZ5oaf1bf2bf0bg2y`bULB66y`Q{!k'@<Wo/+l
18:52:17.827 [scala-execution-context-global-17] INFO  HelperUtils.Parameters$ - )0Qs]{9\]K$U1nZnt>u1AU&&o'
18:52:17.840 [scala-execution-context-global-17] INFO  HelperUtils.Parameters$ - !5fWe'LAz^10#B[ybvBl#N"I@2\'HY
18:52:17.851 [scala-execution-context-global-17] INFO  HelperUtils.Parameters$ - M$Kx5HB1|[2lbdd}:>o/I<`@7?h)mWLKHS'p
18:52:17.860 [scala-execution-context-global-17] INFO  HelperUtils.Parameters$ - c"8QBc$+I\!]~sO*s)la)Z
18:52:17.872 [scala-execution-context-global-17] INFO  HelperUtils.Parameters$ - a`?:-zCwmP]I>T)`n*LzBvf[O93vCxdQ
18:52:17.881 [scala-execution-context-global-17] INFO  HelperUtils.Parameters$ - BqL76&>cNbOW-[udj@L5
18:52:17.893 [scala-execution-context-global-17] INFO  HelperUtils.Parameters$ - A4b0;txHpHbbg3ce1J8kP7vX5scL/?8&ym1Gg
18:52:17.905 [scala-execution-context-global-17] WARN  HelperUtils.Parameters$ - ^<}'<2GSh?^fizI})jN<Bve63/"ae0cf2Y6jU5gO8pcf2E7~hgNz\,k);`qdko+1uA0NNYI,
18:52:17.917 [scala-execution-context-global-17] WARN  HelperUtils.Parameters$ - V23}v+S;X;6|eHg"S$|js#d6k0lG"0L">E'K"MTgj0
18:52:17.927 [scala-execution-context-global-17] INFO  HelperUtils.Parameters$ - bCS!<sYB^-9~!|1#W[6~{bP@OF\8qae0S6pR6sE6iV9rag1X7m}W"aXeV?OwZ7T4"==3Y5M3~3Bx)E=
18:52:17.940 [scala-execution-context-global-17] INFO  HelperUtils.Parameters$ - Ymkkk+(bcHx)/xqAmT>-NH
18:52:17.949 [scala-execution-context-global-17] WARN  HelperUtils.Parameters$ - CsTjh?S(q=8tf!/Z-Bn<be0bf3U5qae3J6fce2be1U5hae0_wxW1tnM^`TU[GnI73uY
18:52:17.960 [scala-execution-context-global-17] WARN  HelperUtils.Parameters$ - >SX4LN*K]kt~|.M'6=e%GGty$oltn{xg1d|j
18:52:17.968 [scala-execution-context-global-17] INFO  HelperUtils.Parameters$ - [+e%Nec^T0MQShzip\Huu+QZsdrU;uEJD*
18:52:17.978 [scala-execution-context-global-17] INFO  HelperUtils.Parameters$ - ;(uWE%U|87bww$`6?10m02[>d~!`hA+lfm%k[+gmyp0fs4
18:52:17.995 [scala-execution-context-global-17] INFO  HelperUtils.Parameters$ - 5ZeJS\#{Ei#/A0g-~RgIJ8oE{h%[L}xK8%!*K!cGJ&o9Xx~?AsV~}J^a:iGS
18:52:18.005 [scala-execution-context-global-17] DEBUG HelperUtils.Parameters$ - VDy]DrvYLC&N%O/goruf6>+HZxa~B<T>
18:52:18.017 [scala-execution-context-global-17] INFO  HelperUtils.Parameters$ - 0\tm(S\`bgUYc3Y;EvA>$:j\{x
18:52:18.028 [scala-execution-context-global-17] INFO  HelperUtils.Parameters$ - ~Lk4_H3NEbjHjjwp<2=~N3d{/+6_'*coj[u$8q@sW+\/=O?*
18:52:18.036 [scala-execution-context-global-17] INFO  HelperUtils.Parameters$ - K`f%T$K~oBC)2==5f7m7?1NfbnH&fU
18:52:18.046 [scala-execution-context-global-17] INFO  HelperUtils.Parameters$ - 6<jy~@2)hD27H}SRgg|?d&@iDp^R{y?P1A]>.w_a?]no.D
18:52:18.056 [scala-execution-context-global-17] INFO  HelperUtils.Parameters$ - 34C}t9n??9'.X|>x
18:52:18.064 [scala-execution-context-global-17] INFO  HelperUtils.Parameters$ - .@8Yd0%36Ld@l[R[
18:52:18.072 [scala-execution-context-global-17] WARN  HelperUtils.Parameters$ - YQ&xQ>zH~kG.xrO6mae1af2ag2D8u7t-vC=n'X2*jf(
18:52:18.083 [scala-execution-context-global-17] INFO  HelperUtils.Parameters$ - L4Q{Vu_]_Flf[|L2E"
18:52:18.093 [scala-execution-context-global-17] WARN  HelperUtils.Parameters$ - g]wwA`\hPIo,^4:pL<xHek8F9y@-;sU6+^J>4ucE
18:52:18.102 [scala-execution-context-global-17] INFO  HelperUtils.Parameters$ - Ujx{V+"TLq;NBBox21vAzO>W73&/B83k;p
18:52:18.113 [scala-execution-context-global-17] INFO  HelperUtils.Parameters$ - X}e;3Zh=*6D:E`+/-3L1zp"fR>9A
18:52:18.122 [scala-execution-context-global-17] INFO  HelperUtils.Parameters$ - stW3mlDsDRxb&},8!~
18:52:18.131 [scala-execution-context-global-17] INFO  HelperUtils.Parameters$ - s?9tqIDnz$o{&iu~iZ<wu"N_e_3ZR<eQf%G/fK
18:52:18.139 [scala-execution-context-global-17] WARN  HelperUtils.Parameters$ - :re83wm?*AkyXQYmym=%rDM{^zpB$ww+Cz)8Xc`~YrJ=>l,2tA&&G{OJR>sw
18:52:18.148 [scala-execution-context-global-17] INFO  HelperUtils.Parameters$ - b4"8BGoipFPo!QTcJ&frZs)Q7&8J)*E7wFLt(Gh@Jh>JH{0XDS&),S
18:52:18.156 [scala-execution-context-global-17] INFO  HelperUtils.Parameters$ - }UwdpP^Vdi:|/R>9}!nar{/`kVZ|apZw[n
18:52:18.165 [scala-execution-context-global-17] INFO  HelperUtils.Parameters$ - @AQoN|sqc=CFhqG5[zzmpAtyE,q*2"mb3{e#KR]?I|t"Rs
18:52:18.174 [scala-execution-context-global-17] INFO  HelperUtils.Parameters$ - A6'/4)/d`I:Vze$YQu}qhQkC
18:52:18.184 [scala-execution-context-global-17] WARN  HelperUtils.Parameters$ - 4{T4.wSHbD3s@eB?,yO0R|R2}\Esq0Kw{eG=k9X%UQ!Dr)>X27%S
18:52:18.195 [scala-execution-context-global-17] INFO  HelperUtils.Parameters$ - N:aS}[;rZdOcyXU#4o:U}S9iag0ag3G6rae3L1x*LkQ..n~p44Jd!d0WA
18:52:18.204 [scala-execution-context-global-17] WARN  HelperUtils.Parameters$ - #'StmL_!V=t~/q_c[\I)Kg
18:52:18.213 [scala-execution-context-global-17] WARN  HelperUtils.Parameters$ - L9WM9'+a\~2*
18:52:18.222 [scala-execution-context-global-17] INFO  HelperUtils.Parameters$ - ]tyFu9U33U@<V<)vY6=_do_*tKluFK%'c)p<c}
18:52:18.232 [scala-execution-context-global-17] INFO  HelperUtils.Parameters$ - /d4+m>'P^R=fOlr\zlL>.d1ni]5Te/YxT.<^|JHwC(
18:52:18.240 [scala-execution-context-global-17] INFO  HelperUtils.Parameters$ - !;'9paZXEh1jRD`A%B
18:52:18.250 [scala-execution-context-global-17] INFO  HelperUtils.Parameters$ - xTp[M:19i|-Z(m*+s^`{$l;r
18:52:18.261 [scala-execution-context-global-17] INFO  HelperUtils.Parameters$ - 9T2WfpkPJ)"&DC@/pbZ48@+E4jaC>Et^
18:52:18.268 [scala-execution-context-global-17] INFO  HelperUtils.Parameters$ - p}no`q+mBuF={Iw*AfEmZc
18:52:18.277 [scala-execution-context-global-17] INFO  HelperUtils.Parameters$ - +dTo[GY\sCF$@CtEkX%W3r
18:52:18.286 [scala-execution-context-global-17] INFO  HelperUtils.Parameters$ - {Z*D:Or?ZT2`[rC#A!]G9cMmY}W=~Tl^R6Es7sL[X>/^TF*V"z
18:52:18.295 [scala-execution-context-global-17] WARN  HelperUtils.Parameters$ - i,nz#1*NK'+{mvDB\&*;&n5H=C{9hoN.'eROYS331Z
18:52:18.306 [scala-execution-context-global-17] WARN  HelperUtils.Parameters$ - [b*K^y*b9@(he6v"Ga$|/O,r,)T'Y},[}/Xz8X'B>3oei8#8y}@8nT
18:52:18.314 [scala-execution-context-global-17] INFO  HelperUtils.Parameters$ - <rvmea$/oxww!vnd>a[:git5=U8qag1cf2be2C5rR5rce0ag2B5jhc`Ai6t#uZW8(TLA`IA{Eyed6
18:52:18.325 [scala-execution-context-global-17] INFO  HelperUtils.Parameters$ - "Q}JHg'nlPK-kJ*u
18:52:18.333 [scala-execution-context-global-17] DEBUG HelperUtils.Parameters$ - <4#LZO7<!s-dqEYzv-
18:52:18.345 [scala-execution-context-global-17] INFO  HelperUtils.Parameters$ - 7+V6MTy`SH&MV#opd.'r&*<%
18:52:18.345 [main] INFO  GenerateLogData$ - Log data generation has completed after generating 100 records.
23:23:38.707 [main] INFO  GenerateLogData$ - Log data generator started...
23:23:38.957 [main] WARN  HelperUtils.Parameters$ - Max count 100 is used to create records instead of timeouts
23:23:45.013 [scala-execution-context-global-17] WARN  HelperUtils.Parameters$ - s%]s,+2k|D}K7b/XCwG&@7HDPR8z
23:23:53.918 [scala-execution-context-global-17] INFO  HelperUtils.Parameters$ - ;kNI&V%v<c#eSDK@lPY(
23:23:59.778 [scala-execution-context-global-17] INFO  HelperUtils.Parameters$ - l9]|92!uHUQ/IVcz~(;.Uz%K*5jTUd08
23:24:08.288 [scala-execution-context-global-17] INFO  HelperUtils.Parameters$ - G3sw7^U<^q^Cl!aMTDbNz<:$;?e<.0JD_'
23:24:11.831 [scala-execution-context-global-17] WARN  HelperUtils.Parameters$ - A><YFqpg+~"E1T
23:24:18.247 [scala-execution-context-global-17] DEBUG HelperUtils.Parameters$ - JrQB;P0"&+6;&Dk-
23:24:25.643 [scala-execution-context-global-17] INFO  HelperUtils.Parameters$ - OsI1`qAeU5H;\+
23:24:28.943 [scala-execution-context-global-17] INFO  HelperUtils.Parameters$ - [h!Q9PEY>L(NpKLBO"Gjo:=4kRXQ_tZ!
23:24:36.551 [scala-execution-context-global-17] INFO  HelperUtils.Parameters$ - B?y&C"C5rsb:2037;f&|vM#x?z|Ny|&<44Z8B&rF1#&M
23:24:46.222 [scala-execution-context-global-17] WARN  HelperUtils.Parameters$ - x2oBSI0/\%CdfV2%ChSsnZ7vJo=2qJqZ%."kbc!0ne`y&m
23:24:54.912 [scala-execution-context-global-17] ERROR HelperUtils.Parameters$ - ihu}!A2]*07}|,lc
23:25:02.610 [scala-execution-context-global-17] INFO  HelperUtils.Parameters$ - CC]>~R#,^#0JWyESarZdETDcvk)Yk'I?
23:25:04.817 [scala-execution-context-global-17] WARN  HelperUtils.Parameters$ - Swq;g+6M:?820=Gmd#.p)sFaqoKc^mm](.A8Z-4-].tp|cfR\~rc(m^{
23:25:12.785 [scala-execution-context-global-17] INFO  HelperUtils.Parameters$ - zXK=Fze%-6Iv-^q{zhG|EUzvd);tOj-:
23:25:16.361 [scala-execution-context-global-17] INFO  HelperUtils.Parameters$ - ^<A>61@{3[KEk@M/Xh-q%sco3Dkwq~
23:25:21.747 [scala-execution-context-global-17] WARN  HelperUtils.Parameters$ - Bv^B8Re'$VG)[P".g*?f<G\l5n.18B|i<E&rgPQZ;wBeA{4O/fy+Pp
23:25:23.931 [scala-execution-context-global-17] WARN  HelperUtils.Parameters$ - k1H+R#/%d0>Q>N:6\enT]U